>YBL104C	303	+	AAAGTATGA	0.0111531290187291
>YCL073C	1178	+	ATATTTTGA	0.0099009900990099
>YCL073C	1186	+	ATAGTGGGA	0.0099009900990099
>YDL130W-A	373	+	ATATTAAGA	0.989932912816523
>YDR350C	214	+	ATAATTAGA	0.0869970978798443
>YFL036W	513	+	ATATTGTGA	0.0106608288436412
>YFL036W	639	+	ATAGTTGGA	0.0106608288436412
>YFL048C	173	+	ATATTATGA	0.991742546801741
>YGR032W	224	+	AAAATGAGA	0.0170634843054109
>YGR032W	467	+	ACACTTAGA	0.0170634843054109
>YHR056C	526	+	ATAGTATGA	0.00990099009975026
>YKL204W	313	+	ATAGTAGGA	0.00990099010186579
>YKR098C	26	+	AAAGTAAGA	0.00990099010006053
>YKR098C	302	+	ACAATGCGA	0.00990099010006053
>YKR098C	335	+	AAAATGAGA	0.00990099010006053
>YKR098C	444	+	ATAATAAGA	0.00990099010006053
>YKR099W	26	+	AAAGTAAGA	0.00990099010006053
>YKR099W	302	+	ACAATGCGA	0.00990099010006053
>YKR099W	335	+	AAAATGAGA	0.00990099010006053
>YKR099W	444	+	ATAATAAGA	0.00990099010006053
>YLR023C	104	+	AGAATTTGA	0.792635218186703
>YLR257W	64	+	ATATTGGGA	0.173240044780068
>YLR257W	232	+	AAACTTAGA	0.173240044780068
>YLR257W	316	+	AAAGTGTGA	0.173240044780068
>YLR334C	67	+	AAAATGCGA	0.0099009900990099
>YMR237W	162	+	AAAGTTAGA	0.0108764297415111
>YNR047W	108	+	AGACTGAGA	0.00990099010146799
>YOL059W	578	+	ACAATAAGA	0.00990099009987008
>YOL060C	578	+	ACAATAAGA	0.00990099009987008
>YOL116W	18	+	ACATTACGA	0.991742546801741
>YOR213C	290	+	AAACTTTGA	0.0110921349506929
>YPL105C	153	+	AAAATGGGA	0.561219579478913
>YPL105C	219	+	ACATTTTGA	0.561219579478913
>YPL259C	188	+	ATAATTAGA	0.00990099010000929
>YPL259C	670	+	AAAATCAGA	0.00990099010000929
>YPL271W	348	+	ATAGTTGGA	0.00990099010123407
>YPL271W	432	+	ATACTATGA	0.00990099010123407
>YPL271W	517	+	AAAGTCTGA	0.00990099010123407
>YPL271W	668	+	AAACTAAGA	0.00990099010123407
Yeast.1line.seq yeast.wgt       0.4390244 1.0000000 TP:   5 FN:   0 FP:   18 TN:   23  HyGE:   0.024548