>YAL005C        123     +       AAGAATTGG       0.0099009900990099
>YAL005C        273     +       ACGTTCTGG       0.0099009900990099
>YAL005C        376     +       ATGTTCTGG       0.0099009900990099
>YAL042W        157     +       ATGGAGTGG       0.991742546801741
>YBL005W-A      205     +       AGGTCCTGG       0.0099009900990099
>YBL104C        383     +       AAGTGTTGG       0.0111531290187291
>YBR006W        208     +       ACGGCGTGG       0.0099009900990099
>YBR101C        0       +       AGGTAATGG       0.991742546801741
>YDL130W-A      29      +       AAGTACTGG       0.989932912816523
>YDR071C        27      +       ATGTATTGG       0.0478789473893698
>YDR397C        468     +       AAGTATTGG       0.964036935543213
>YDR408C        459     +       ATGAAGTGG       0.965730166612089
>YER165W        251     +       AAGTTCTGG       0.967346404452696
>YER165W        444     +       AGGCCCTGG       0.967346404452696
>YGR106C        627     +       AAGAGATGG       0.0478789473893698
>YGR106C        885     +       ATGAATTGG       0.0478789473893698
>YHL002W        386     +       ACGGACTGG       0.378671300679323
>YHL002W        648     +       ACGCAATGG       0.378671300679323
>YHR077C        705     +       AAGTGGTGG       0.991742546801741
>YHR077C        714     +       ACGGGATGG       0.991742546801741
>YIL054W        475     +       ATGGTCTGG       0.0099009900990099
>YIL054W        600     +       ATGACATGG       0.0099009900990099
>YIL054W        605     +       ATGGCATGG       0.0099009900990099
>YIL055C        475     +       ATGGTCTGG       0.0099009900990099
>YIL055C        600     +       ATGACATGG       0.0099009900990099
>YIL055C        605     +       ATGGCATGG       0.0099009900990099
>YKL069W        155     +       AAGAAATGG       0.0132972762958271
>YKL204W        120     +       ATGTAATGG       0.00990099010186579
>YKR029C        144     +       ATGAGTTGG       0.991742546801741
>YLL063C        362     +       ACGGATTGG       0.0149591202513615
>YLR257W        659     +       AGGGGATGG       0.173240044780068
>YLR257W        715     +       ATGCACTGG       0.173240044780068
>YLR367W        63      +       AAGTATTGG       0.0107406740093789
>YLR367W        205     +       ATGTGTTGG       0.0107406740093789
>YOL116W        167     +       ATGGTATGG       0.991742546801741
>YPL105C        20      +       AAGCTGTGG       0.561219579478913
>YPL239W        154     +       AGGGGGTGG       0.0282110816007629
>YPL239W        167     +       AGGACCTGG       0.0282110816007629
>YPL240C        154     +       AGGGGGTGG       0.0282110816007629
>YPL240C        167     +       AGGACCTGG       0.0282110816007629
>YPL271W        712     +       AGGAATTGG       0.00990099010123407
Yeast.1line.seq yeast3.wgt      0.1574074 0.4761905 TP:  10 FN:  11 FP:   17 TN:   91  HyGE:  0.0024833