>YAL005C        585     +       TCGACAACC       0.0099009900990099
>YBL104C        764     +       TTGCCTATC       0.0111531290187291
>YBR101C        42      +       TAGCCAATC       0.991742546801741
>YBR101C        189     +       TTGACCAAC       0.991742546801741
>YDR397C        55      +       TTGCCCACC       0.964036935543213
>YGL077C        171     +       TTGGCTAAC       0.0106608288436412
>YHL002W        78      +       TAGACAAGC       0.378671300679323
>YHR077C        617     +       TTGACCAGC       0.991742546801741
>YIL016W        222     +       TCGGCAAGC       0.00990099010216615
>YIL017C        222     +       TCGGCAAGC       0.00990099010216615
>YIL044C        88      +       TCGTCCAGC       0.00990099009924433
>YIL054W        366     +       TGGTCAATC       0.0099009900990099
>YIL055C        366     +       TGGTCAATC       0.0099009900990099
>YJL122W        74      +       TCGTCCAAC       0.00990099009914515
>YJR145C        539     +       TGGACAAGC       0.0311108039879594
>YJR146W        539     +       TGGACAAGC       0.0311108039879594
>YJR147W        539     +       TGGACAAGC       0.0311108039879594
>YKL195W        57      +       TGGTCTAAC       0.991742546801741
>YKR029C        250     +       TCGACTACC       0.991742546801741
>YLR023C        189     +       TCGCCAAGC       0.792635218186703
>YLR096W        168     +       TGGTCTAGC       0.991742546801741
>YML100W        407     +       TAGCCAAGC       0.0264978541736586
>YMR064W        10      +       TTGCCAATC       0.0118633244521278
>YNL121C        441     +       TTGTCCATC       0.991742546801741
>YPL259C        123     +       TCGTCTAGC       0.00990099010000929
>YPL283C        485     +       TTGTCTAAC       0.00990099014838195
>YPL283C        916     +       TGGCCCATC       0.00990099014838195
>YPR165W        221     +       TCGACCATC       0.967346404452696
Yeast.1line.seq yeast3.wgt      0.1574074 0.4285714 TP:   9 FN:  12 FP:   17 TN:   91  HyGE:  0.0082262