>YAL005C        8       +       GACAGCTTT       0.0099009900990099
>YAL042W        87      +       GGCAACTTT       0.991742546801741
>YAL042W        140     +       GGCGATTTT       0.991742546801741
>YBL104C        187     +       GTCACTTTT       0.0111531290187291
>YBL104C        943     +       GACCTTTTT       0.0111531290187291
>YCL073C        185     +       GACACCTTT       0.0099009900990099
>YCL073C        730     +       GCCACATTT       0.0099009900990099
>YCL073C        1286    +       GTCTCATTT       0.0099009900990099
>YCL073C        1331    +       GTCTCATTT       0.0099009900990099
>YCR082W        58      +       GTCAGTTTT       0.991742546801741
>YCR082W        110     +       GACATGTTT       0.991742546801741
>YDL130W-A      66      +       GTCAACTTT       0.989932912816523
>YDR034C        409     +       GCCTAATTT       0.0242194760381797
>YDR186C        667     +       GGCTGTTTT       0.0129750804117221
>YDR188W        667     +       GGCTGTTTT       0.0129750804117221
>YDR229W        725     +       GCCTTATTT       0.0099009900990099
>YDR300C        88      +       GACCGTTTT       0.0102425520009356
>YDR300C        429     +       GACATATTT       0.0102425520009356
>YDR397C        548     +       GACACATTT       0.964036935543213
>YDR408C        194     +       GACGCTTTT       0.965730166612089
>YER007C-A      103     +       GTCATTTTT       0.0144800016500409
>YER007C-A      221     +       GTCTCGTTT       0.0144800016500409
>YER035W        46      +       GCCCCTTTT       0.00990099010102241
>YFL023W        273     +       GGCTGATTT       0.0282110816007629
>YFL024C        273     +       GGCTGATTT       0.0282110816007629
>YFL048C        252     +       GACTATTTT       0.991742546801741
>YGL038C        230     +       GGCGCGTTT       0.00990099014150482
>YGL250W        324     +       GGCTATTTT       0.0113554702909045
>YGL250W        674     +       GTCCCGTTT       0.0113554702909045
>YGR240C        903     +       GACATGTTT       0.0537528666451642
>YGR242W        903     +       GACATGTTT       0.0537528666451642
>YHL002W        167     +       GCCTTGTTT       0.378671300679323
>YHL024W        304     +       GCCTCATTT       0.0103856194475443
>YHL024W        419     +       GACGTTTTT       0.0103856194475443
>YHL024W        553     +       GTCGGATTT       0.0103856194475443
>YHL024W        655     +       GGCGATTTT       0.0103856194475443
>YHR010W        108     +       GGCTGATTT       0.0099009900990099
>YHR010W        676     +       GGCAGGTTT       0.0099009900990099
>YHR077C        518     +       GTCTATTTT       0.991742546801741
>YIL142W        88      +       GACCTTTTT       0.0282110816007629
>YIL142W        160     +       GGCGAGTTT       0.0282110816007629
>YIL143C        88      +       GACCTTTTT       0.0282110816007629
>YIL143C        160     +       GGCGAGTTT       0.0282110816007629
>YJL157C        466     +       GTCTTTTTT       0.0099009900990099
>YKL062W        364     +       GTCATTTTT       0.0131321780257454
>YKL062W        800     +       GGCTTTTTT       0.0131321780257454
>YKL069W        468     +       GACGATTTT       0.0132972762958271
>YKL094W        129     +       GGCCGTTTT       0.0117678007245921
>YKL094W        130     +       GCCGTTTTT       0.0117678007245921
>YKL195W        194     +       GCCGAATTT       0.991742546801741
>YKR029C        178     +       GACTAGTTT       0.991742546801741
>YKR029C        445     +       GTCATATTT       0.991742546801741
>YLR023C        58      +       GTCCACTTT       0.792635218186703
>YLR096W        121     +       GTCACTTTT       0.991742546801741
>YLR257W        350     +       GTCTTTTTT       0.173240044780068
>YLR257W        374     +       GTCGTTTTT       0.173240044780068
>YLR351C        758     +       GCCAGATTT       0.0412124225058696
>YLR352W        758     +       GCCAGATTT       0.0412124225058696
>YLR367W        483     +       GACACATTT       0.0107406740093789
>YLR422W        288     +       GTCTTTTTT       0.0170634843054109
>YML100W        230     +       GGCGTATTT       0.0264978541736586
>YML100W        553     +       GGCATCTTT       0.0264978541736586
>YMR001C        409     +       GCCTTGTTT       0.0497477545285254
>YMR001C        509     +       GACCCTTTT       0.0497477545285254
>YMR002W        409     +       GCCTTGTTT       0.0497477545285254
>YMR002W        509     +       GACCCTTTT       0.0497477545285254
>YMR062C        13      +       GACTTCTTT       0.0537528666451642
>YMR062C        65      +       GTCACCTTT       0.0537528666451642
>YNL121C        288     +       GTCATCTTT       0.991742546801741
>YNL207W        12      +       GTCATTTTT       0.967346404452696
>YOL059W        114     +       GTCCCTTTT       0.00990099009987008
>YOL059W        779     +       GCCTTTTTT       0.00990099009987008
>YOL060C        114     +       GTCCCTTTT       0.00990099009987008
>YOL060C        779     +       GCCTTTTTT       0.00990099009987008
>YOL135C        5       +       GACATTTTT       0.262457956358651
>YOL135C        69      +       GTCATATTT       0.262457956358651
>YPL105C        188     +       GCCTCATTT       0.561219579478913
>YPL259C        92      +       GCCCACTTT       0.00990099010000929
>YPL271W        520     +       GTCTGATTT       0.00990099010123407
>YPL283C        230     +       GCCCTTTTT       0.00990099014838195
>YPL283C        435     +       GCCTATTTT       0.00990099014838195
Yeast.1line.seq yeast3.wgt      0.3703704 0.6666667 TP:  14 FN:   7 FP:   40 TN:   68  HyGE:   0.011717