SeedSearcher v2.1 Compiled on Fri Mar 19 04:54:37 2004
by Yoseph Barash (hoan@cs.huji.ac.il)
and Aviad Rozenhek (aviadr@cs.huji.ac.il) 

Execution started on Thu Mar 25 13:57:34 2004

#
# command line
winseed Yeast.seq yeast3.wgt yeast3 

#
# execution parameters 
Seed length: 9
No of Random Positions (dist): 4
Preprocessor Type: Table
Count Type: Gene
Search Type: Table
Score-Function Type: HyperGeometric
Use reverse: false
Partial count: false
Projection Specialization (expert): false
Remove negatives (expert): false
No of Random Projections: 3
Use all possible projections: false
PSSM length: 20
No of PSSMs: 5
Threshold for pos/neg cluster assignment: 0.5
Weight Function Type: Simple
Weight Function invert: off
Maximum offset to check for seed redundancy: 2
Minimum positive sequences a Seed must contain: 1
Minimum positive sequences a Seed must contain: 10%
Minimum score for seed: -log10 (0.5) = 0.301029995664
Use Bonferroni statistical fix: true 
Use FDR statistical fix: false
Randomization seed: 1080215854
#
# SequenceDB: 
Reading Sequence File: Yeast.seq
Reading Weights File: yeast3.wgt
Loaded 129 Sequences. (1 seconds ).
#
# LeafPreprocessor
LeafPreprocessor created: (0 seconds)
66046 SeqPosition objects each of 12 Bytes.
43119 Node objects each of 40 Bytes.
2458 KBytes (loose) lower bound to preprocessor size.

Searching for ***?*???*: 1 seconds, Found 1024 seeds.
Searching for *?*?*?*?*: 0 seconds, Found 1024 seeds.
Searching for *?*???***: 1 seconds, Found 1024 seeds.
Bonf(-log10)	Score(-log10)	Seed		Parameters			Projection
-0.882442051207	2.60497916015	A?G???TGG	[X=10, K=27, N=21, M=129]	*?*???***
-1.40261882118	2.08480239018	T?G?C?A?C	[X=9, K=26, N=21, M=129]	*?*?*?*?*
-1.55624915461	1.93117205675	G?C???TTT	[X=14, K=54, N=21, M=129]	*?*???***
-2.45383528068	1.03358593068	GCC?T???A	[X=7, K=26, N=21, M=129]	***?*???*
-2.52802750466	0.959393706695	ACT?T???A	[X=13, K=61, N=21, M=129]	***?*???*
#
# summary
Execution ended on Thu Mar 25 13:57:37 2004 after running 3 seconds.
